<?xml version="1.0" encoding="UTF-8"?>
<robot generator="Robot 3.2.2 (Python 3.8.5 on win32)" generated="20220217 14:05:02.715" rpa="false">
<suite id="s1" name="Youtubemusic" source="C:\Users\warung pintar\Documents\efishery\TestCase\youtubemusic.robot">
<test id="s1-t1" name="Open Youtube Music">
<kw name="Given Open Youtube Music website in chrome" library="Search_and_play">
<kw name="Open Browser" library="Selenium2Library">
<doc>Opens a new browser instance to the optional ``url``.</doc>
<arguments>
<arg>${url}</arg>
<arg>${browser}</arg>
</arguments>
<msg timestamp="20220217 14:05:02.872" level="INFO">Opening browser 'Chrome' to base url 'https://music.youtube.com/'.</msg>
<status status="PASS" starttime="20220217 14:05:02.871" endtime="20220217 14:05:06.942"></status>
</kw>
<kw name="Maximize Browser Window" library="Selenium2Library">
<doc>Maximizes current browser window.</doc>
<status status="PASS" starttime="20220217 14:05:06.942" endtime="20220217 14:05:07.065"></status>
</kw>
<status status="PASS" starttime="20220217 14:05:02.871" endtime="20220217 14:05:07.065"></status>
</kw>
<kw name="Then User will see Youtube Music landing home page" library="Search_and_play">
<kw name="Verify Home button" library="Search_and_play">
<kw name="Wait Until Page Contains Element" library="Selenium2Library">
<doc>Waits until the element ``locator`` appears on the current page.</doc>
<arguments>
<arg>${home_btn}</arg>
</arguments>
<status status="PASS" starttime="20220217 14:05:07.066" endtime="20220217 14:05:07.082"></status>
</kw>
<status status="PASS" starttime="20220217 14:05:07.066" endtime="20220217 14:05:07.082"></status>
</kw>
<kw name="Verify Explore button" library="Search_and_play">
<kw name="Wait Until Page Contains Element" library="Selenium2Library">
<doc>Waits until the element ``locator`` appears on the current page.</doc>
<arguments>
<arg>${explore_btn}</arg>
</arguments>
<status status="PASS" starttime="20220217 14:05:07.082" endtime="20220217 14:05:07.094"></status>
</kw>
<status status="PASS" starttime="20220217 14:05:07.082" endtime="20220217 14:05:07.094"></status>
</kw>
<kw name="Verify Library button" library="Search_and_play">
<kw name="Wait Until Page Contains Element" library="Selenium2Library">
<doc>Waits until the element ``locator`` appears on the current page.</doc>
<arguments>
<arg>${library_btn}</arg>
</arguments>
<status status="PASS" starttime="20220217 14:05:07.094" endtime="20220217 14:05:07.106"></status>
</kw>
<status status="PASS" starttime="20220217 14:05:07.094" endtime="20220217 14:05:07.107"></status>
</kw>
<kw name="Verify Search button" library="Search_and_play">
<kw name="Wait Until Page Contains Element" library="Selenium2Library">
<doc>Waits until the element ``locator`` appears on the current page.</doc>
<arguments>
<arg>${search_btn}</arg>
</arguments>
<status status="PASS" starttime="20220217 14:05:07.107" endtime="20220217 14:05:07.118"></status>
</kw>
<status status="PASS" starttime="20220217 14:05:07.107" endtime="20220217 14:05:07.119"></status>
</kw>
<status status="PASS" starttime="20220217 14:05:07.066" endtime="20220217 14:05:07.119"></status>
</kw>
<status status="PASS" starttime="20220217 14:05:02.871" endtime="20220217 14:05:07.119" critical="yes"></status>
</test>
<test id="s1-t2" name="Go To Explore Page">
<kw name="Given User on Home page" library="Search_and_play">
<kw name="Verify Home button" library="Search_and_play">
<kw name="Wait Until Page Contains Element" library="Selenium2Library">
<doc>Waits until the element ``locator`` appears on the current page.</doc>
<arguments>
<arg>${home_btn}</arg>
</arguments>
<status status="PASS" starttime="20220217 14:05:07.121" endtime="20220217 14:05:07.129"></status>
</kw>
<status status="PASS" starttime="20220217 14:05:07.121" endtime="20220217 14:05:07.129"></status>
</kw>
<status status="PASS" starttime="20220217 14:05:07.121" endtime="20220217 14:05:07.129"></status>
</kw>
<kw name="When Click Explore button" library="Search_and_play">
<kw name="Click Element" library="Selenium2Library">
<doc>Click the element identified by ``locator``.</doc>
<arguments>
<arg>${explore_btn}</arg>
</arguments>
<msg timestamp="20220217 14:05:07.130" level="INFO">Clicking element '//*[@tab-id='FEmusic_explore']'.</msg>
<status status="PASS" starttime="20220217 14:05:07.130" endtime="20220217 14:05:07.167"></status>
</kw>
<kw name="Sleep" library="BuiltIn">
<doc>Pauses the test executed for the given time.</doc>
<arguments>
<arg>3</arg>
</arguments>
<msg timestamp="20220217 14:05:10.171" level="INFO">Slept 3 seconds</msg>
<status status="PASS" starttime="20220217 14:05:07.167" endtime="20220217 14:05:10.171"></status>
</kw>
<status status="PASS" starttime="20220217 14:05:07.129" endtime="20220217 14:05:10.171"></status>
</kw>
<kw name="Then User will see Explore page" library="Search_and_play">
<kw name="Wait Until Page Contains Element" library="Selenium2Library">
<doc>Waits until the element ``locator`` appears on the current page.</doc>
<arguments>
<arg>${charts_menu}</arg>
</arguments>
<status status="PASS" starttime="20220217 14:05:10.172" endtime="20220217 14:05:10.186"></status>
</kw>
<status status="PASS" starttime="20220217 14:05:10.172" endtime="20220217 14:05:10.186"></status>
</kw>
<status status="PASS" starttime="20220217 14:05:07.120" endtime="20220217 14:05:10.186" critical="yes"></status>
</test>
<test id="s1-t3" name="Search a Singer">
<kw name="Given User on Explore page" library="Search_and_play">
<kw name="Wait Until Page Contains Element" library="Selenium2Library">
<doc>Waits until the element ``locator`` appears on the current page.</doc>
<arguments>
<arg>${charts_menu}</arg>
</arguments>
<status status="PASS" starttime="20220217 14:05:10.189" endtime="20220217 14:05:10.199"></status>
</kw>
<status status="PASS" starttime="20220217 14:05:10.188" endtime="20220217 14:05:10.199"></status>
</kw>
<kw name="When Click Search button" library="Search_and_play">
<kw name="Click Element" library="Selenium2Library">
<doc>Click the element identified by ``locator``.</doc>
<arguments>
<arg>${search_btn}</arg>
</arguments>
<msg timestamp="20220217 14:05:10.199" level="INFO">Clicking element '//*[contains(@class, 'ytmusic-search-box') and text() = 'Search']'.</msg>
<status status="PASS" starttime="20220217 14:05:10.199" endtime="20220217 14:05:10.242"></status>
</kw>
<kw name="Sleep" library="BuiltIn">
<doc>Pauses the test executed for the given time.</doc>
<arguments>
<arg>3</arg>
</arguments>
<msg timestamp="20220217 14:05:13.258" level="INFO">Slept 3 seconds</msg>
<status status="PASS" starttime="20220217 14:05:10.242" endtime="20220217 14:05:13.258"></status>
</kw>
<status status="PASS" starttime="20220217 14:05:10.199" endtime="20220217 14:05:13.258"></status>
</kw>
<kw name="And Type a Singer Oh Wonder" library="Search_and_play">
<kw name="Input Text" library="Selenium2Library">
<doc>Types the given ``text`` into the text field identified by ``locator``.</doc>
<arguments>
<arg>${search_inputText}</arg>
<arg>Oh Wonder</arg>
</arguments>
<msg timestamp="20220217 14:05:13.259" level="INFO">Typing text 'Oh Wonder' into text field '//*[@class='style-scope ytmusic-search-box' and @id='input']'.</msg>
<status status="PASS" starttime="20220217 14:05:13.259" endtime="20220217 14:05:13.363"></status>
</kw>
<kw name="Press Keys" library="Selenium2Library">
<doc>Simulates the user pressing key(s) to an element or on the active browser.</doc>
<arguments>
<arg>${search_inputText}</arg>
<arg>ENTER</arg>
</arguments>
<msg timestamp="20220217 14:05:13.363" level="INFO">Sending key(s) ('ENTER',) to //*[@class='style-scope ytmusic-search-box' and @id='input'] element.</msg>
<msg timestamp="20220217 14:05:13.648" level="INFO">Pressing special key ENTER to element.</msg>
<msg timestamp="20220217 14:05:13.648" level="INFO">Releasing special key ENTER.</msg>
<status status="PASS" starttime="20220217 14:05:13.363" endtime="20220217 14:05:13.726"></status>
</kw>
<status status="PASS" starttime="20220217 14:05:13.259" endtime="20220217 14:05:13.726"></status>
</kw>
<kw name="Then Oh Wonder's Songs Will be Displayed" library="Search_and_play">
<kw name="Wait Until Page Contains Element" library="Selenium2Library">
<doc>Waits until the element ``locator`` appears on the current page.</doc>
<arguments>
<arg>${result_search}</arg>
</arguments>
<status status="PASS" starttime="20220217 14:05:13.727" endtime="20220217 14:05:14.509"></status>
</kw>
<status status="PASS" starttime="20220217 14:05:13.727" endtime="20220217 14:05:14.509"></status>
</kw>
<status status="PASS" starttime="20220217 14:05:10.187" endtime="20220217 14:05:14.509" critical="yes"></status>
</test>
<test id="s1-t4" name="Play the Song">
<kw name="Given List of Song" library="Search_and_play">
<kw name="Wait Until Page Contains Element" library="Selenium2Library">
<doc>Waits until the element ``locator`` appears on the current page.</doc>
<arguments>
<arg>${list_of_song}</arg>
</arguments>
<status status="PASS" starttime="20220217 14:05:14.511" endtime="20220217 14:05:14.527"></status>
</kw>
<status status="PASS" starttime="20220217 14:05:14.511" endtime="20220217 14:05:14.527"></status>
</kw>
<kw name="When Click Song Title" library="Search_and_play">
<kw name="Set Focus To Element" library="Selenium2Library">
<doc>Sets the focus to the element identified by ``locator``.</doc>
<arguments>
<arg>${song_title}</arg>
</arguments>
<status status="PASS" starttime="20220217 14:05:14.528" endtime="20220217 14:05:14.546"></status>
</kw>
<kw name="Click Element" library="Selenium2Library">
<doc>Click the element identified by ``locator``.</doc>
<arguments>
<arg>${song_title}</arg>
</arguments>
<msg timestamp="20220217 14:05:14.547" level="INFO">Clicking element '//a[@href="watch?v=rrJtqh80rTQ&amp;list=RDAMVMrrJtqh80rTQ"]'.</msg>
<status status="PASS" starttime="20220217 14:05:14.546" endtime="20220217 14:05:14.647"></status>
</kw>
<status status="PASS" starttime="20220217 14:05:14.527" endtime="20220217 14:05:14.647"></status>
</kw>
<kw name="Then The Song Will Play" library="Search_and_play">
<kw name="Wait Until Page Contains Element" library="Selenium2Library">
<doc>Waits until the element ``locator`` appears on the current page.</doc>
<arguments>
<arg>${play_pause_button}</arg>
</arguments>
<status status="PASS" starttime="20220217 14:05:14.648" endtime="20220217 14:05:14.671"></status>
</kw>
<status status="PASS" starttime="20220217 14:05:14.648" endtime="20220217 14:05:14.671"></status>
</kw>
<status status="PASS" starttime="20220217 14:05:14.510" endtime="20220217 14:05:14.672" critical="yes"></status>
</test>
<test id="s1-t5" name="Pause the Song">
<kw name="Given Song is Playing" library="Search_and_play">
<kw name="Wait Until Page Contains Element" library="Selenium2Library">
<doc>Waits until the element ``locator`` appears on the current page.</doc>
<arguments>
<arg>${play_pause_button}</arg>
</arguments>
<status status="PASS" starttime="20220217 14:05:14.674" endtime="20220217 14:05:14.688"></status>
</kw>
<kw name="Sleep" library="BuiltIn">
<doc>Pauses the test executed for the given time.</doc>
<arguments>
<arg>8</arg>
</arguments>
<msg timestamp="20220217 14:05:22.699" level="INFO">Slept 8 seconds</msg>
<status status="PASS" starttime="20220217 14:05:14.688" endtime="20220217 14:05:22.699"></status>
</kw>
<kw name="Wait Until Page Contains Element" library="Selenium2Library">
<doc>Waits until the element ``locator`` appears on the current page.</doc>
<arguments>
<arg>${skip_ad}</arg>
</arguments>
<status status="PASS" starttime="20220217 14:05:22.700" endtime="20220217 14:05:22.737"></status>
</kw>
<kw name="Click Element" library="Selenium2Library">
<doc>Click the element identified by ``locator``.</doc>
<arguments>
<arg>${skip_ad}</arg>
</arguments>
<msg timestamp="20220217 14:05:22.737" level="INFO">Clicking element '//*[@class='ytp-ad-skip-button-icon']'.</msg>
<status status="PASS" starttime="20220217 14:05:22.737" endtime="20220217 14:05:22.807"></status>
</kw>
<kw name="Sleep" library="BuiltIn">
<doc>Pauses the test executed for the given time.</doc>
<arguments>
<arg>5</arg>
</arguments>
<msg timestamp="20220217 14:05:27.820" level="INFO">Slept 5 seconds</msg>
<status status="PASS" starttime="20220217 14:05:22.807" endtime="20220217 14:05:27.820"></status>
</kw>
<status status="PASS" starttime="20220217 14:05:14.674" endtime="20220217 14:05:27.821"></status>
</kw>
<kw name="When Click Pause button" library="Search_and_play">
<kw name="Wait Until Page Contains Element" library="Selenium2Library">
<doc>Waits until the element ``locator`` appears on the current page.</doc>
<arguments>
<arg>${play_pause_button}</arg>
</arguments>
<status status="PASS" starttime="20220217 14:05:27.824" endtime="20220217 14:05:27.864"></status>
</kw>
<kw name="Set Focus To Element" library="Selenium2Library">
<doc>Sets the focus to the element identified by ``locator``.</doc>
<arguments>
<arg>${play_pause_button}</arg>
</arguments>
<status status="PASS" starttime="20220217 14:05:27.864" endtime="20220217 14:05:27.934"></status>
</kw>
<kw name="Click Element" library="Selenium2Library">
<doc>Click the element identified by ``locator``.</doc>
<arguments>
<arg>${play_pause_button}</arg>
</arguments>
<msg timestamp="20220217 14:05:27.935" level="INFO">Clicking element 'play-pause-button'.</msg>
<status status="PASS" starttime="20220217 14:05:27.934" endtime="20220217 14:05:28.004"></status>
</kw>
<status status="PASS" starttime="20220217 14:05:27.823" endtime="20220217 14:05:28.005"></status>
</kw>
<kw name="Then The Song Pause" library="Search_and_play">
<kw name="Wait Until Page Contains Element" library="Selenium2Library">
<doc>Waits until the element ``locator`` appears on the current page.</doc>
<arguments>
<arg>${play_button_bottom_bar}</arg>
</arguments>
<status status="PASS" starttime="20220217 14:05:28.006" endtime="20220217 14:05:28.253"></status>
</kw>
<status status="PASS" starttime="20220217 14:05:28.005" endtime="20220217 14:05:28.254"></status>
</kw>
<status status="PASS" starttime="20220217 14:05:14.673" endtime="20220217 14:05:28.255" critical="yes"></status>
</test>
<test id="s1-t6" name="Play Next Song">
<kw name="Given The Song Pause" library="Search_and_play">
<kw name="Wait Until Page Contains Element" library="Selenium2Library">
<doc>Waits until the element ``locator`` appears on the current page.</doc>
<arguments>
<arg>${play_button_bottom_bar}</arg>
</arguments>
<status status="PASS" starttime="20220217 14:05:28.257" endtime="20220217 14:05:28.294"></status>
</kw>
<status status="PASS" starttime="20220217 14:05:28.257" endtime="20220217 14:05:28.294"></status>
</kw>
<kw name="When Click Next button" library="Search_and_play">
<kw name="Click Element" library="Selenium2Library">
<doc>Click the element identified by ``locator``.</doc>
<arguments>
<arg>${next_button}</arg>
</arguments>
<msg timestamp="20220217 14:05:28.296" level="INFO">Clicking element '//*[@title='Next song']'.</msg>
<status status="PASS" starttime="20220217 14:05:28.295" endtime="20220217 14:05:28.699"></status>
</kw>
<kw name="Wait Until Page Contains Element" library="Selenium2Library">
<doc>Waits until the element ``locator`` appears on the current page.</doc>
<arguments>
<arg>${play_pause_button}</arg>
</arguments>
<status status="PASS" starttime="20220217 14:05:28.700" endtime="20220217 14:05:28.804"></status>
</kw>
<kw name="Sleep" library="BuiltIn">
<doc>Pauses the test executed for the given time.</doc>
<arguments>
<arg>3</arg>
</arguments>
<msg timestamp="20220217 14:05:31.808" level="INFO">Slept 3 seconds</msg>
<status status="PASS" starttime="20220217 14:05:28.804" endtime="20220217 14:05:31.809"></status>
</kw>
<status status="PASS" starttime="20220217 14:05:28.295" endtime="20220217 14:05:31.809"></status>
</kw>
<kw name="Then The Next Song Will Play" library="Search_and_play">
<kw name="Wait Until Page Contains Element" library="Selenium2Library">
<doc>Waits until the element ``locator`` appears on the current page.</doc>
<arguments>
<arg>${play_pause_button}</arg>
</arguments>
<status status="PASS" starttime="20220217 14:05:31.813" endtime="20220217 14:05:31.838"></status>
</kw>
<status status="PASS" starttime="20220217 14:05:31.812" endtime="20220217 14:05:31.838"></status>
</kw>
<status status="PASS" starttime="20220217 14:05:28.256" endtime="20220217 14:05:31.839" critical="yes"></status>
</test>
<test id="s1-t7" name="Play Previous Song">
<kw name="Given The Next Song is Playing" library="Search_and_play">
<kw name="Wait Until Page Contains Element" library="Selenium2Library">
<doc>Waits until the element ``locator`` appears on the current page.</doc>
<arguments>
<arg>${play_pause_button}</arg>
</arguments>
<status status="PASS" starttime="20220217 14:05:31.842" endtime="20220217 14:05:31.861"></status>
</kw>
<kw name="Sleep" library="BuiltIn">
<doc>Pauses the test executed for the given time.</doc>
<arguments>
<arg>3</arg>
</arguments>
<msg timestamp="20220217 14:05:34.872" level="INFO">Slept 3 seconds</msg>
<status status="PASS" starttime="20220217 14:05:31.861" endtime="20220217 14:05:34.872"></status>
</kw>
<status status="PASS" starttime="20220217 14:05:31.842" endtime="20220217 14:05:34.873"></status>
</kw>
<kw name="When Click Previous button twice" library="Search_and_play">
<kw name="Click Element" library="Selenium2Library">
<doc>Click the element identified by ``locator``.</doc>
<arguments>
<arg>${previous_button}</arg>
</arguments>
<msg timestamp="20220217 14:05:34.877" level="INFO">Clicking element '//*[@title='Previous song']'.</msg>
<status status="PASS" starttime="20220217 14:05:34.876" endtime="20220217 14:05:34.942"></status>
</kw>
<kw name="Click Element" library="Selenium2Library">
<doc>Click the element identified by ``locator``.</doc>
<arguments>
<arg>${previous_button}</arg>
</arguments>
<msg timestamp="20220217 14:05:34.943" level="INFO">Clicking element '//*[@title='Previous song']'.</msg>
<status status="PASS" starttime="20220217 14:05:34.942" endtime="20220217 14:05:35.231"></status>
</kw>
<kw name="Wait Until Page Contains Element" library="Selenium2Library">
<doc>Waits until the element ``locator`` appears on the current page.</doc>
<arguments>
<arg>${play_pause_button}</arg>
</arguments>
<status status="PASS" starttime="20220217 14:05:35.231" endtime="20220217 14:05:35.257"></status>
</kw>
<status status="PASS" starttime="20220217 14:05:34.875" endtime="20220217 14:05:35.257"></status>
</kw>
<kw name="Then The Previous Song Will Play" library="Search_and_play">
<kw name="Wait Until Page Contains Element" library="Selenium2Library">
<doc>Waits until the element ``locator`` appears on the current page.</doc>
<arguments>
<arg>${play_pause_button}</arg>
</arguments>
<status status="PASS" starttime="20220217 14:05:35.258" endtime="20220217 14:05:35.317"></status>
</kw>
<status status="PASS" starttime="20220217 14:05:35.258" endtime="20220217 14:05:35.317"></status>
</kw>
<status status="PASS" starttime="20220217 14:05:31.840" endtime="20220217 14:05:35.318" critical="yes"></status>
</test>
<doc>Youtube Music Automation Test</doc>
<status status="PASS" starttime="20220217 14:05:02.716" endtime="20220217 14:05:35.320"></status>
</suite>
<statistics>
<total>
<stat pass="7" fail="0">Critical Tests</stat>
<stat pass="7" fail="0">All Tests</stat>
</total>
<tag>
</tag>
<suite>
<stat pass="7" fail="0" id="s1" name="Youtubemusic">Youtubemusic</stat>
</suite>
</statistics>
<errors>
</errors>
</robot>
